{"F:\\Business\\BusinessConnect\\functions\\check_chats.js": {"path":"F:\\Business\\BusinessConnect\\functions\\check_chats.js","statementMap":{"0":{"start":{"line":1,"column":14},"end":{"line":1,"column":39}},"1":{"start":{"line":2,"column":23},"end":{"line":2,"column":58}},"2":{"start":{"line":4,"column":0},"end":{"line":8,"column":1}},"3":{"start":{"line":5,"column":2},"end":{"line":7,"column":5}},"4":{"start":{"line":10,"column":11},"end":{"line":10,"column":28}},"5":{"start":{"line":13,"column":19},"end":{"line":13,"column":62}},"6":{"start":{"line":14,"column":2},"end":{"line":17,"column":5}},"7":{"start":{"line":15,"column":4},"end":{"line":15,"column":38}},"8":{"start":{"line":16,"column":4},"end":{"line":16,"column":53}},"9":{"start":{"line":20,"column":0},"end":{"line":20,"column":13}}},"fnMap":{"0":{"name":"checkChats","decl":{"start":{"line":12,"column":15},"end":{"line":12,"column":25}},"loc":{"start":{"line":12,"column":28},"end":{"line":18,"column":1}},"line":12},"1":{"name":"(anonymous_1)","decl":{"start":{"line":14,"column":19},"end":{"line":14,"column":20}},"loc":{"start":{"line":14,"column":26},"end":{"line":17,"column":3}},"line":14}},"branchMap":{"0":{"loc":{"start":{"line":4,"column":0},"end":{"line":8,"column":1}},"type":"if","locations":[{"start":{"line":4,"column":0},"end":{"line":8,"column":1}},{"start":{},"end":{}}],"line":4}},"s":{"0":0,"1":0,"2":0,"3":0,"4":0,"5":0,"6":0,"7":0,"8":0,"9":0},"f":{"0":0,"1":0},"b":{"0":[0,0]},"inputSourceMap":null}
,"F:\\Business\\BusinessConnect\\functions\\emailTemplates.js": {"path":"F:\\Business\\BusinessConnect\\functions\\emailTemplates.js","statementMap":{"0":{"start":{"line":5,"column":18},"end":{"line":13,"column":1}},"1":{"start":{"line":15,"column":20},"end":{"line":21,"column":1}},"2":{"start":{"line":23,"column":21},"end":{"line":28,"column":1}},"3":{"start":{"line":30,"column":20},"end":{"line":39,"column":1}},"4":{"start":{"line":41,"column":0},"end":{"line":102,"column":2}},"5":{"start":{"line":45,"column":25},"end":{"line":78,"column":3}},"6":{"start":{"line":83,"column":28},"end":{"line":101,"column":3}}},"fnMap":{"0":{"name":"(anonymous_0)","decl":{"start":{"line":45,"column":15},"end":{"line":45,"column":16}},"loc":{"start":{"line":45,"column":25},"end":{"line":78,"column":3}},"line":45},"1":{"name":"(anonymous_1)","decl":{"start":{"line":83,"column":18},"end":{"line":83,"column":19}},"loc":{"start":{"line":83,"column":28},"end":{"line":101,"column":3}},"line":83}},"branchMap":{"0":{"loc":{"start":{"line":89,"column":38},"end":{"line":89,"column":105}},"type":"cond-expr","locations":[{"start":{"line":89,"column":66},"end":{"line":89,"column":84}},{"start":{"line":89,"column":87},"end":{"line":89,"column":105}}],"line":89}},"s":{"0":0,"1":0,"2":0,"3":0,"4":0,"5":0,"6":0},"f":{"0":0,"1":0},"b":{"0":[0,0]},"inputSourceMap":null}
,"F:\\Business\\BusinessConnect\\functions\\index.js": {"path":"F:\\Business\\BusinessConnect\\functions\\index.js","statementMap":{"0":{"start":{"line":1,"column":49},"end":{"line":1,"column":91}},"1":{"start":{"line":2,"column":42},"end":{"line":2,"column":80}},"2":{"start":{"line":3,"column":23},"end":{"line":3,"column":65}},"3":{"start":{"line":4,"column":14},"end":{"line":4,"column":39}},"4":{"start":{"line":5,"column":19},"end":{"line":5,"column":40}},"5":{"start":{"line":6,"column":18},"end":{"line":6,"column":45}},"6":{"start":{"line":7,"column":31},"end":{"line":7,"column":63}},"7":{"start":{"line":8,"column":15},"end":{"line":8,"column":143}},"8":{"start":{"line":10,"column":0},"end":{"line":10,"column":22}},"9":{"start":{"line":13,"column":15},"end":{"line":13,"column":66}},"10":{"start":{"line":14,"column":17},"end":{"line":14,"column":51}},"11":{"start":{"line":15,"column":14},"end":{"line":15,"column":46}},"12":{"start":{"line":16,"column":14},"end":{"line":16,"column":69}},"13":{"start":{"line":23,"column":0},"end":{"line":38,"column":3}},"14":{"start":{"line":24,"column":32},"end":{"line":24,"column":44}},"15":{"start":{"line":25,"column":2},"end":{"line":25,"column":79}},"16":{"start":{"line":25,"column":15},"end":{"line":25,"column":79}},"17":{"start":{"line":27,"column":2},"end":{"line":37,"column":3}},"18":{"start":{"line":28,"column":18},"end":{"line":28,"column":58}},"19":{"start":{"line":29,"column":4},"end":{"line":31,"column":5}},"20":{"start":{"line":30,"column":6},"end":{"line":30,"column":78}},"21":{"start":{"line":32,"column":19},"end":{"line":32,"column":77}},"22":{"start":{"line":33,"column":4},"end":{"line":33,"column":44}},"23":{"start":{"line":35,"column":4},"end":{"line":35,"column":49}},"24":{"start":{"line":36,"column":4},"end":{"line":36,"column":75}},"25":{"start":{"line":41,"column":0},"end":{"line":53,"column":3}},"26":{"start":{"line":42,"column":23},"end":{"line":42,"column":35}},"27":{"start":{"line":43,"column":2},"end":{"line":43,"column":80}},"28":{"start":{"line":43,"column":17},"end":{"line":43,"column":80}},"29":{"start":{"line":45,"column":2},"end":{"line":52,"column":3}},"30":{"start":{"line":46,"column":19},"end":{"line":46,"column":85}},"31":{"start":{"line":47,"column":19},"end":{"line":47,"column":54}},"32":{"start":{"line":48,"column":4},"end":{"line":48,"column":44}},"33":{"start":{"line":50,"column":4},"end":{"line":50,"column":51}},"34":{"start":{"line":51,"column":4},"end":{"line":51,"column":61}},"35":{"start":{"line":56,"column":0},"end":{"line":67,"column":3}},"36":{"start":{"line":57,"column":43},"end":{"line":57,"column":55}},"37":{"start":{"line":58,"column":2},"end":{"line":66,"column":3}},"38":{"start":{"line":59,"column":19},"end":{"line":59,"column":163}},"39":{"start":{"line":60,"column":19},"end":{"line":60,"column":54}},"40":{"start":{"line":61,"column":17},"end":{"line":61,"column":90}},"41":{"start":{"line":62,"column":4},"end":{"line":62,"column":28}},"42":{"start":{"line":64,"column":4},"end":{"line":64,"column":48}},"43":{"start":{"line":65,"column":4},"end":{"line":65,"column":59}},"44":{"start":{"line":73,"column":0},"end":{"line":103,"column":2}},"45":{"start":{"line":76,"column":18},"end":{"line":76,"column":35}},"46":{"start":{"line":77,"column":15},"end":{"line":77,"column":32}},"47":{"start":{"line":79,"column":26},"end":{"line":82,"column":12}},"48":{"start":{"line":84,"column":4},"end":{"line":84,"column":36}},"49":{"start":{"line":84,"column":29},"end":{"line":84,"column":36}},"50":{"start":{"line":86,"column":18},"end":{"line":86,"column":28}},"51":{"start":{"line":88,"column":4},"end":{"line":98,"column":7}},"52":{"start":{"line":89,"column":30},"end":{"line":89,"column":66}},"53":{"start":{"line":91,"column":6},"end":{"line":97,"column":9}},"54":{"start":{"line":100,"column":4},"end":{"line":100,"column":25}},"55":{"start":{"line":101,"column":4},"end":{"line":101,"column":39}},"56":{"start":{"line":109,"column":0},"end":{"line":129,"column":2}},"57":{"start":{"line":112,"column":19},"end":{"line":112,"column":43}},"58":{"start":{"line":113,"column":18},"end":{"line":113,"column":41}},"59":{"start":{"line":115,"column":4},"end":{"line":115,"column":47}},"60":{"start":{"line":115,"column":40},"end":{"line":115,"column":47}},"61":{"start":{"line":117,"column":15},"end":{"line":117,"column":32}},"62":{"start":{"line":119,"column":4},"end":{"line":125,"column":7}},"63":{"start":{"line":127,"column":4},"end":{"line":127,"column":42}},"64":{"start":{"line":134,"column":0},"end":{"line":158,"column":3}},"65":{"start":{"line":135,"column":31},"end":{"line":135,"column":43}},"66":{"start":{"line":136,"column":14},"end":{"line":136,"column":31}},"67":{"start":{"line":138,"column":2},"end":{"line":140,"column":3}},"68":{"start":{"line":139,"column":4},"end":{"line":139,"column":70}},"69":{"start":{"line":142,"column":2},"end":{"line":144,"column":3}},"70":{"start":{"line":143,"column":4},"end":{"line":143,"column":79}},"71":{"start":{"line":146,"column":2},"end":{"line":157,"column":3}},"72":{"start":{"line":147,"column":26},"end":{"line":151,"column":6}},"73":{"start":{"line":153,"column":4},"end":{"line":153,"column":57}},"74":{"start":{"line":155,"column":4},"end":{"line":155,"column":42}},"75":{"start":{"line":156,"column":4},"end":{"line":156,"column":73}},"76":{"start":{"line":163,"column":0},"end":{"line":192,"column":3}},"77":{"start":{"line":164,"column":14},"end":{"line":164,"column":31}},"78":{"start":{"line":165,"column":2},"end":{"line":165,"column":78}},"79":{"start":{"line":165,"column":12},"end":{"line":165,"column":78}},"80":{"start":{"line":167,"column":2},"end":{"line":191,"column":3}},"81":{"start":{"line":168,"column":15},"end":{"line":168,"column":32}},"82":{"start":{"line":169,"column":23},"end":{"line":169,"column":54}},"83":{"start":{"line":170,"column":21},"end":{"line":170,"column":43}},"84":{"start":{"line":172,"column":4},"end":{"line":172,"column":78}},"85":{"start":{"line":172,"column":26},"end":{"line":172,"column":78}},"86":{"start":{"line":173,"column":21},"end":{"line":173,"column":36}},"87":{"start":{"line":175,"column":4},"end":{"line":175,"column":81}},"88":{"start":{"line":175,"column":34},"end":{"line":175,"column":81}},"89":{"start":{"line":177,"column":20},"end":{"line":185,"column":6}},"90":{"start":{"line":187,"column":4},"end":{"line":187,"column":61}},"91":{"start":{"line":188,"column":4},"end":{"line":188,"column":37}},"92":{"start":{"line":190,"column":4},"end":{"line":190,"column":52}},"93":{"start":{"line":197,"column":0},"end":{"line":212,"column":3}},"94":{"start":{"line":198,"column":24},"end":{"line":198,"column":36}},"95":{"start":{"line":199,"column":2},"end":{"line":199,"column":92}},"96":{"start":{"line":199,"column":26},"end":{"line":199,"column":92}},"97":{"start":{"line":201,"column":2},"end":{"line":211,"column":3}},"98":{"start":{"line":202,"column":24},"end":{"line":207,"column":6}},"99":{"start":{"line":208,"column":4},"end":{"line":208,"column":36}},"100":{"start":{"line":210,"column":4},"end":{"line":210,"column":52}},"101":{"start":{"line":217,"column":0},"end":{"line":227,"column":3}},"102":{"start":{"line":218,"column":24},"end":{"line":218,"column":36}},"103":{"start":{"line":219,"column":2},"end":{"line":219,"column":92}},"104":{"start":{"line":219,"column":26},"end":{"line":219,"column":92}},"105":{"start":{"line":221,"column":2},"end":{"line":226,"column":3}},"106":{"start":{"line":222,"column":20},"end":{"line":222,"column":83}},"107":{"start":{"line":223,"column":4},"end":{"line":223,"column":23}},"108":{"start":{"line":225,"column":4},"end":{"line":225,"column":52}},"109":{"start":{"line":232,"column":0},"end":{"line":242,"column":3}},"110":{"start":{"line":233,"column":32},"end":{"line":233,"column":44}},"111":{"start":{"line":234,"column":2},"end":{"line":234,"column":92}},"112":{"start":{"line":234,"column":26},"end":{"line":234,"column":92}},"113":{"start":{"line":236,"column":2},"end":{"line":241,"column":3}},"114":{"start":{"line":237,"column":19},"end":{"line":237,"column":105}},"115":{"start":{"line":238,"column":4},"end":{"line":238,"column":22}},"116":{"start":{"line":240,"column":4},"end":{"line":240,"column":52}},"117":{"start":{"line":247,"column":0},"end":{"line":250,"column":3}},"118":{"start":{"line":248,"column":17},"end":{"line":248,"column":46}},"119":{"start":{"line":249,"column":2},"end":{"line":249,"column":74}},"120":{"start":{"line":256,"column":20},"end":{"line":262,"column":2}},"121":{"start":{"line":268,"column":0},"end":{"line":303,"column":3}},"122":{"start":{"line":269,"column":13},"end":{"line":269,"column":30}},"123":{"start":{"line":271,"column":22},"end":{"line":271,"column":58}},"124":{"start":{"line":272,"column":25},"end":{"line":272,"column":99}},"125":{"start":{"line":274,"column":16},"end":{"line":285,"column":3}},"126":{"start":{"line":277,"column":56},"end":{"line":277,"column":92}},"127":{"start":{"line":279,"column":21},"end":{"line":279,"column":29}},"128":{"start":{"line":280,"column":24},"end":{"line":280,"column":85}},"129":{"start":{"line":281,"column":24},"end":{"line":281,"column":34}},"130":{"start":{"line":282,"column":8},"end":{"line":282,"column":47}},"131":{"start":{"line":283,"column":8},"end":{"line":283,"column":33}},"132":{"start":{"line":287,"column":27},"end":{"line":287,"column":96}},"133":{"start":{"line":289,"column":23},"end":{"line":299,"column":4}},"134":{"start":{"line":290,"column":17},"end":{"line":290,"column":27}},"135":{"start":{"line":291,"column":4},"end":{"line":291,"column":46}},"136":{"start":{"line":291,"column":21},"end":{"line":291,"column":46}},"137":{"start":{"line":293,"column":4},"end":{"line":298,"column":7}},"138":{"start":{"line":301,"column":2},"end":{"line":301,"column":41}},"139":{"start":{"line":302,"column":2},"end":{"line":302,"column":50}},"140":{"start":{"line":309,"column":0},"end":{"line":336,"column":2}},"141":{"start":{"line":312,"column":22},"end":{"line":312,"column":39}},"142":{"start":{"line":313,"column":4},"end":{"line":313,"column":49}},"143":{"start":{"line":313,"column":42},"end":{"line":313,"column":49}},"144":{"start":{"line":315,"column":15},"end":{"line":315,"column":32}},"145":{"start":{"line":316,"column":29},"end":{"line":316,"column":98}},"146":{"start":{"line":318,"column":25},"end":{"line":332,"column":6}},"147":{"start":{"line":319,"column":19},"end":{"line":319,"column":29}},"148":{"start":{"line":320,"column":6},"end":{"line":331,"column":9}},"149":{"start":{"line":334,"column":4},"end":{"line":334,"column":43}},"150":{"start":{"line":342,"column":0},"end":{"line":370,"column":2}},"151":{"start":{"line":345,"column":19},"end":{"line":345,"column":43}},"152":{"start":{"line":346,"column":18},"end":{"line":346,"column":41}},"153":{"start":{"line":348,"column":4},"end":{"line":348,"column":47}},"154":{"start":{"line":348,"column":40},"end":{"line":348,"column":47}},"155":{"start":{"line":349,"column":4},"end":{"line":349,"column":45}},"156":{"start":{"line":349,"column":38},"end":{"line":349,"column":45}},"157":{"start":{"line":351,"column":15},"end":{"line":351,"column":32}},"158":{"start":{"line":352,"column":28},"end":{"line":352,"column":88}},"159":{"start":{"line":353,"column":25},"end":{"line":353,"column":47}},"160":{"start":{"line":355,"column":4},"end":{"line":355,"column":37}},"161":{"start":{"line":355,"column":30},"end":{"line":355,"column":37}},"162":{"start":{"line":357,"column":4},"end":{"line":368,"column":7}}},"fnMap":{"0":{"name":"(anonymous_0)","decl":{"start":{"line":23,"column":31},"end":{"line":23,"column":32}},"loc":{"start":{"line":23,"column":50},"end":{"line":38,"column":1}},"line":23},"1":{"name":"(anonymous_1)","decl":{"start":{"line":41,"column":33},"end":{"line":41,"column":34}},"loc":{"start":{"line":41,"column":52},"end":{"line":53,"column":1}},"line":41},"2":{"name":"(anonymous_2)","decl":{"start":{"line":56,"column":30},"end":{"line":56,"column":31}},"loc":{"start":{"line":56,"column":49},"end":{"line":67,"column":1}},"line":56},"3":{"name":"(anonymous_3)","decl":{"start":{"line":75,"column":2},"end":{"line":75,"column":3}},"loc":{"start":{"line":75,"column":19},"end":{"line":102,"column":3}},"line":75},"4":{"name":"(anonymous_4)","decl":{"start":{"line":88,"column":26},"end":{"line":88,"column":27}},"loc":{"start":{"line":88,"column":35},"end":{"line":98,"column":5}},"line":88},"5":{"name":"(anonymous_5)","decl":{"start":{"line":111,"column":2},"end":{"line":111,"column":3}},"loc":{"start":{"line":111,"column":19},"end":{"line":128,"column":3}},"line":111},"6":{"name":"(anonymous_6)","decl":{"start":{"line":134,"column":37},"end":{"line":134,"column":38}},"loc":{"start":{"line":134,"column":56},"end":{"line":158,"column":1}},"line":134},"7":{"name":"(anonymous_7)","decl":{"start":{"line":163,"column":38},"end":{"line":163,"column":39}},"loc":{"start":{"line":163,"column":57},"end":{"line":192,"column":1}},"line":163},"8":{"name":"(anonymous_8)","decl":{"start":{"line":197,"column":42},"end":{"line":197,"column":43}},"loc":{"start":{"line":197,"column":61},"end":{"line":212,"column":1}},"line":197},"9":{"name":"(anonymous_9)","decl":{"start":{"line":217,"column":35},"end":{"line":217,"column":36}},"loc":{"start":{"line":217,"column":54},"end":{"line":227,"column":1}},"line":217},"10":{"name":"(anonymous_10)","decl":{"start":{"line":232,"column":38},"end":{"line":232,"column":39}},"loc":{"start":{"line":232,"column":57},"end":{"line":242,"column":1}},"line":232},"11":{"name":"(anonymous_11)","decl":{"start":{"line":247,"column":35},"end":{"line":247,"column":36}},"loc":{"start":{"line":247,"column":49},"end":{"line":250,"column":1}},"line":247},"12":{"name":"(anonymous_12)","decl":{"start":{"line":268,"column":61},"end":{"line":268,"column":62}},"loc":{"start":{"line":268,"column":78},"end":{"line":303,"column":1}},"line":268},"13":{"name":"(anonymous_13)","decl":{"start":{"line":277,"column":42},"end":{"line":277,"column":43}},"loc":{"start":{"line":277,"column":56},"end":{"line":277,"column":92}},"line":277},"14":{"name":"(anonymous_14)","decl":{"start":{"line":278,"column":40},"end":{"line":278,"column":41}},"loc":{"start":{"line":278,"column":45},"end":{"line":284,"column":5}},"line":278},"15":{"name":"(anonymous_15)","decl":{"start":{"line":289,"column":49},"end":{"line":289,"column":50}},"loc":{"start":{"line":289,"column":56},"end":{"line":299,"column":3}},"line":289},"16":{"name":"(anonymous_16)","decl":{"start":{"line":311,"column":2},"end":{"line":311,"column":3}},"loc":{"start":{"line":311,"column":19},"end":{"line":335,"column":3}},"line":311},"17":{"name":"(anonymous_17)","decl":{"start":{"line":318,"column":51},"end":{"line":318,"column":52}},"loc":{"start":{"line":318,"column":58},"end":{"line":332,"column":5}},"line":318},"18":{"name":"(anonymous_18)","decl":{"start":{"line":344,"column":2},"end":{"line":344,"column":3}},"loc":{"start":{"line":344,"column":19},"end":{"line":369,"column":3}},"line":344}},"branchMap":{"0":{"loc":{"start":{"line":13,"column":15},"end":{"line":13,"column":66}},"type":"binary-expr","locations":[{"start":{"line":13,"column":15},"end":{"line":13,"column":41}},{"start":{"line":13,"column":45},"end":{"line":13,"column":66}}],"line":13},"1":{"loc":{"start":{"line":25,"column":2},"end":{"line":25,"column":79}},"type":"if","locations":[{"start":{"line":25,"column":2},"end":{"line":25,"column":79}},{"start":{},"end":{}}],"line":25},"2":{"loc":{"start":{"line":29,"column":4},"end":{"line":31,"column":5}},"type":"if","locations":[{"start":{"line":29,"column":4},"end":{"line":31,"column":5}},{"start":{},"end":{}}],"line":29},"3":{"loc":{"start":{"line":43,"column":2},"end":{"line":43,"column":80}},"type":"if","locations":[{"start":{"line":43,"column":2},"end":{"line":43,"column":80}},{"start":{},"end":{}}],"line":43},"4":{"loc":{"start":{"line":84,"column":4},"end":{"line":84,"column":36}},"type":"if","locations":[{"start":{"line":84,"column":4},"end":{"line":84,"column":36}},{"start":{},"end":{}}],"line":84},"5":{"loc":{"start":{"line":115,"column":4},"end":{"line":115,"column":47}},"type":"if","locations":[{"start":{"line":115,"column":4},"end":{"line":115,"column":47}},{"start":{},"end":{}}],"line":115},"6":{"loc":{"start":{"line":120,"column":14},"end":{"line":120,"column":50}},"type":"binary-expr","locations":[{"start":{"line":120,"column":14},"end":{"line":120,"column":34}},{"start":{"line":120,"column":38},"end":{"line":120,"column":50}}],"line":120},"7":{"loc":{"start":{"line":138,"column":2},"end":{"line":140,"column":3}},"type":"if","locations":[{"start":{"line":138,"column":2},"end":{"line":140,"column":3}},{"start":{},"end":{}}],"line":138},"8":{"loc":{"start":{"line":142,"column":2},"end":{"line":144,"column":3}},"type":"if","locations":[{"start":{"line":142,"column":2},"end":{"line":144,"column":3}},{"start":{},"end":{}}],"line":142},"9":{"loc":{"start":{"line":142,"column":6},"end":{"line":142,"column":28}},"type":"binary-expr","locations":[{"start":{"line":142,"column":6},"end":{"line":142,"column":13}},{"start":{"line":142,"column":17},"end":{"line":142,"column":28}}],"line":142},"10":{"loc":{"start":{"line":149,"column":16},"end":{"line":149,"column":33}},"type":"binary-expr","locations":[{"start":{"line":149,"column":16},"end":{"line":149,"column":24}},{"start":{"line":149,"column":28},"end":{"line":149,"column":33}}],"line":149},"11":{"loc":{"start":{"line":165,"column":2},"end":{"line":165,"column":78}},"type":"if","locations":[{"start":{"line":165,"column":2},"end":{"line":165,"column":78}},{"start":{},"end":{}}],"line":165},"12":{"loc":{"start":{"line":172,"column":4},"end":{"line":172,"column":78}},"type":"if","locations":[{"start":{"line":172,"column":4},"end":{"line":172,"column":78}},{"start":{},"end":{}}],"line":172},"13":{"loc":{"start":{"line":175,"column":4},"end":{"line":175,"column":81}},"type":"if","locations":[{"start":{"line":175,"column":4},"end":{"line":175,"column":81}},{"start":{},"end":{}}],"line":175},"14":{"loc":{"start":{"line":180,"column":13},"end":{"line":180,"column":55}},"type":"binary-expr","locations":[{"start":{"line":180,"column":13},"end":{"line":180,"column":37}},{"start":{"line":180,"column":41},"end":{"line":180,"column":55}}],"line":180},"15":{"loc":{"start":{"line":199,"column":2},"end":{"line":199,"column":92}},"type":"if","locations":[{"start":{"line":199,"column":2},"end":{"line":199,"column":92}},{"start":{},"end":{}}],"line":199},"16":{"loc":{"start":{"line":219,"column":2},"end":{"line":219,"column":92}},"type":"if","locations":[{"start":{"line":219,"column":2},"end":{"line":219,"column":92}},{"start":{},"end":{}}],"line":219},"17":{"loc":{"start":{"line":234,"column":2},"end":{"line":234,"column":92}},"type":"if","locations":[{"start":{"line":234,"column":2},"end":{"line":234,"column":92}},{"start":{},"end":{}}],"line":234},"18":{"loc":{"start":{"line":248,"column":17},"end":{"line":248,"column":46}},"type":"binary-expr","locations":[{"start":{"line":248,"column":17},"end":{"line":248,"column":33}},{"start":{"line":248,"column":37},"end":{"line":248,"column":46}}],"line":248},"19":{"loc":{"start":{"line":259,"column":10},"end":{"line":259,"column":59}},"type":"binary-expr","locations":[{"start":{"line":259,"column":10},"end":{"line":259,"column":32}},{"start":{"line":259,"column":36},"end":{"line":259,"column":59}}],"line":259},"20":{"loc":{"start":{"line":260,"column":10},"end":{"line":260,"column":54}},"type":"binary-expr","locations":[{"start":{"line":260,"column":10},"end":{"line":260,"column":32}},{"start":{"line":260,"column":36},"end":{"line":260,"column":54}}],"line":260},"21":{"loc":{"start":{"line":277,"column":63},"end":{"line":277,"column":91}},"type":"binary-expr","locations":[{"start":{"line":277,"column":63},"end":{"line":277,"column":86}},{"start":{"line":277,"column":90},"end":{"line":277,"column":91}}],"line":277},"22":{"loc":{"start":{"line":280,"column":24},"end":{"line":280,"column":85}},"type":"cond-expr","locations":[{"start":{"line":280,"column":49},"end":{"line":280,"column":72}},{"start":{"line":280,"column":75},"end":{"line":280,"column":85}}],"line":280},"23":{"loc":{"start":{"line":291,"column":4},"end":{"line":291,"column":46}},"type":"if","locations":[{"start":{"line":291,"column":4},"end":{"line":291,"column":46}},{"start":{},"end":{}}],"line":291},"24":{"loc":{"start":{"line":313,"column":4},"end":{"line":313,"column":49}},"type":"if","locations":[{"start":{"line":313,"column":4},"end":{"line":313,"column":49}},{"start":{},"end":{}}],"line":313},"25":{"loc":{"start":{"line":348,"column":4},"end":{"line":348,"column":47}},"type":"if","locations":[{"start":{"line":348,"column":4},"end":{"line":348,"column":47}},{"start":{},"end":{}}],"line":348},"26":{"loc":{"start":{"line":349,"column":4},"end":{"line":349,"column":45}},"type":"if","locations":[{"start":{"line":349,"column":4},"end":{"line":349,"column":45}},{"start":{},"end":{}}],"line":349},"27":{"loc":{"start":{"line":355,"column":4},"end":{"line":355,"column":37}},"type":"if","locations":[{"start":{"line":355,"column":4},"end":{"line":355,"column":37}},{"start":{},"end":{}}],"line":355},"28":{"loc":{"start":{"line":366,"column":23},"end":{"line":366,"column":101}},"type":"binary-expr","locations":[{"start":{"line":366,"column":23},"end":{"line":366,"column":37}},{"start":{"line":366,"column":41},"end":{"line":366,"column":101}}],"line":366}},"s":{"0":0,"1":0,"2":0,"3":0,"4":0,"5":0,"6":0,"7":0,"8":0,"9":0,"10":0,"11":0,"12":0,"13":0,"14":0,"15":0,"16":0,"17":0,"18":0,"19":0,"20":0,"21":0,"22":0,"23":0,"24":0,"25":0,"26":0,"27":0,"28":0,"29":0,"30":0,"31":0,"32":0,"33":0,"34":0,"35":0,"36":0,"37":0,"38":0,"39":0,"40":0,"41":0,"42":0,"43":0,"44":0,"45":0,"46":0,"47":0,"48":0,"49":0,"50":0,"51":0,"52":0,"53":0,"54":0,"55":0,"56":0,"57":0,"58":0,"59":0,"60":0,"61":0,"62":0,"63":0,"64":0,"65":0,"66":0,"67":0,"68":0,"69":0,"70":0,"71":0,"72":0,"73":0,"74":0,"75":0,"76":0,"77":0,"78":0,"79":0,"80":0,"81":0,"82":0,"83":0,"84":0,"85":0,"86":0,"87":0,"88":0,"89":0,"90":0,"91":0,"92":0,"93":0,"94":0,"95":0,"96":0,"97":0,"98":0,"99":0,"100":0,"101":0,"102":0,"103":0,"104":0,"105":0,"106":0,"107":0,"108":0,"109":0,"110":0,"111":0,"112":0,"113":0,"114":0,"115":0,"116":0,"117":0,"118":0,"119":0,"120":0,"121":0,"122":0,"123":0,"124":0,"125":0,"126":0,"127":0,"128":0,"129":0,"130":0,"131":0,"132":0,"133":0,"134":0,"135":0,"136":0,"137":0,"138":0,"139":0,"140":0,"141":0,"142":0,"143":0,"144":0,"145":0,"146":0,"147":0,"148":0,"149":0,"150":0,"151":0,"152":0,"153":0,"154":0,"155":0,"156":0,"157":0,"158":0,"159":0,"160":0,"161":0,"162":0},"f":{"0":0,"1":0,"2":0,"3":0,"4":0,"5":0,"6":0,"7":0,"8":0,"9":0,"10":0,"11":0,"12":0,"13":0,"14":0,"15":0,"16":0,"17":0,"18":0},"b":{"0":[0,0],"1":[0,0],"2":[0,0],"3":[0,0],"4":[0,0],"5":[0,0],"6":[0,0],"7":[0,0],"8":[0,0],"9":[0,0],"10":[0,0],"11":[0,0],"12":[0,0],"13":[0,0],"14":[0,0],"15":[0,0],"16":[0,0],"17":[0,0],"18":[0,0],"19":[0,0],"20":[0,0],"21":[0,0],"22":[0,0],"23":[0,0],"24":[0,0],"25":[0,0],"26":[0,0],"27":[0,0],"28":[0,0]},"inputSourceMap":null}
,"F:\\Business\\BusinessConnect\\functions\\list_models.js": {"path":"F:\\Business\\BusinessConnect\\functions\\list_models.js","statementMap":{"0":{"start":{"line":1,"column":11},"end":{"line":1,"column":24}},"1":{"start":{"line":2,"column":16},"end":{"line":2,"column":47}},"2":{"start":{"line":3,"column":14},"end":{"line":3,"column":55}},"3":{"start":{"line":4,"column":15},"end":{"line":4,"column":38}},"4":{"start":{"line":7,"column":2},"end":{"line":14,"column":3}},"5":{"start":{"line":8,"column":4},"end":{"line":8,"column":67}},"6":{"start":{"line":9,"column":21},"end":{"line":9,"column":105}},"7":{"start":{"line":10,"column":17},"end":{"line":10,"column":38}},"8":{"start":{"line":11,"column":4},"end":{"line":11,"column":47}},"9":{"start":{"line":13,"column":4},"end":{"line":13,"column":35}},"10":{"start":{"line":16,"column":0},"end":{"line":16,"column":7}}},"fnMap":{"0":{"name":"list","decl":{"start":{"line":6,"column":15},"end":{"line":6,"column":19}},"loc":{"start":{"line":6,"column":22},"end":{"line":15,"column":1}},"line":6}},"branchMap":{"0":{"loc":{"start":{"line":4,"column":15},"end":{"line":4,"column":38}},"type":"cond-expr","locations":[{"start":{"line":4,"column":23},"end":{"line":4,"column":31}},{"start":{"line":4,"column":34},"end":{"line":4,"column":38}}],"line":4}},"s":{"0":0,"1":0,"2":0,"3":0,"4":0,"5":0,"6":0,"7":0,"8":0,"9":0,"10":0},"f":{"0":0},"b":{"0":[0,0]},"inputSourceMap":null}
,"F:\\Business\\BusinessConnect\\functions\\testEnv.js": {"path":"F:\\Business\\BusinessConnect\\functions\\testEnv.js","statementMap":{"0":{"start":{"line":1,"column":19},"end":{"line":1,"column":57}},"1":{"start":{"line":3,"column":0},"end":{"line":5,"column":3}},"2":{"start":{"line":4,"column":2},"end":{"line":4,"column":45}}},"fnMap":{"0":{"name":"(anonymous_0)","decl":{"start":{"line":3,"column":25},"end":{"line":3,"column":26}},"loc":{"start":{"line":3,"column":38},"end":{"line":5,"column":1}},"line":3}},"branchMap":{},"s":{"0":0,"1":0,"2":0},"f":{"0":0},"b":{},"inputSourceMap":null}
,"F:\\Business\\BusinessConnect\\functions\\test_gemini.js": {"path":"F:\\Business\\BusinessConnect\\functions\\test_gemini.js","statementMap":{"0":{"start":{"line":1,"column":11},"end":{"line":1,"column":24}},"1":{"start":{"line":2,"column":31},"end":{"line":2,"column":63}},"2":{"start":{"line":3,"column":16},"end":{"line":3,"column":47}},"3":{"start":{"line":4,"column":14},"end":{"line":4,"column":55}},"4":{"start":{"line":5,"column":15},"end":{"line":5,"column":38}},"5":{"start":{"line":8,"column":2},"end":{"line":15,"column":3}},"6":{"start":{"line":9,"column":18},"end":{"line":9,"column":48}},"7":{"start":{"line":10,"column":18},"end":{"line":10,"column":73}},"8":{"start":{"line":11,"column":19},"end":{"line":11,"column":59}},"9":{"start":{"line":12,"column":4},"end":{"line":12,"column":40}},"10":{"start":{"line":14,"column":4},"end":{"line":14,"column":47}},"11":{"start":{"line":17,"column":0},"end":{"line":17,"column":7}}},"fnMap":{"0":{"name":"test","decl":{"start":{"line":7,"column":15},"end":{"line":7,"column":19}},"loc":{"start":{"line":7,"column":22},"end":{"line":16,"column":1}},"line":7}},"branchMap":{"0":{"loc":{"start":{"line":5,"column":15},"end":{"line":5,"column":38}},"type":"cond-expr","locations":[{"start":{"line":5,"column":23},"end":{"line":5,"column":31}},{"start":{"line":5,"column":34},"end":{"line":5,"column":38}}],"line":5}},"s":{"0":0,"1":0,"2":0,"3":0,"4":0,"5":0,"6":0,"7":0,"8":0,"9":0,"10":0,"11":0},"f":{"0":0},"b":{"0":[0,0]},"inputSourceMap":null}
,"F:\\Business\\BusinessConnect\\services\\aiService.js": {"path":"F:\\Business\\BusinessConnect\\services\\aiService.js","statementMap":{"0":{"start":{"line":8,"column":31},"end":{"line":17,"column":1}},"1":{"start":{"line":9,"column":2},"end":{"line":16,"column":3}},"2":{"start":{"line":10,"column":19},"end":{"line":10,"column":62}},"3":{"start":{"line":11,"column":19},"end":{"line":11,"column":45}},"4":{"start":{"line":12,"column":4},"end":{"line":12,"column":28}},"5":{"start":{"line":14,"column":4},"end":{"line":14,"column":49}},"6":{"start":{"line":15,"column":4},"end":{"line":15,"column":57}},"7":{"start":{"line":22,"column":35},"end":{"line":31,"column":1}},"8":{"start":{"line":23,"column":2},"end":{"line":30,"column":3}},"9":{"start":{"line":24,"column":19},"end":{"line":24,"column":59}},"10":{"start":{"line":25,"column":19},"end":{"line":25,"column":71}},"11":{"start":{"line":26,"column":4},"end":{"line":26,"column":23}},"12":{"start":{"line":28,"column":4},"end":{"line":28,"column":47}},"13":{"start":{"line":29,"column":4},"end":{"line":29,"column":57}},"14":{"start":{"line":36,"column":36},"end":{"line":47,"column":1}},"15":{"start":{"line":37,"column":2},"end":{"line":46,"column":3}},"16":{"start":{"line":38,"column":19},"end":{"line":38,"column":60}},"17":{"start":{"line":39,"column":19},"end":{"line":41,"column":6}},"18":{"start":{"line":42,"column":4},"end":{"line":42,"column":28}},"19":{"start":{"line":44,"column":4},"end":{"line":44,"column":46}},"20":{"start":{"line":45,"column":4},"end":{"line":45,"column":38}},"21":{"start":{"line":52,"column":36},"end":{"line":65,"column":1}},"22":{"start":{"line":53,"column":2},"end":{"line":64,"column":3}},"23":{"start":{"line":54,"column":19},"end":{"line":54,"column":60}},"24":{"start":{"line":55,"column":19},"end":{"line":55,"column":201}},"25":{"start":{"line":56,"column":19},"end":{"line":56,"column":43}},"26":{"start":{"line":59,"column":17},"end":{"line":59,"column":84}},"27":{"start":{"line":60,"column":4},"end":{"line":60,"column":28}},"28":{"start":{"line":62,"column":4},"end":{"line":62,"column":48}},"29":{"start":{"line":63,"column":4},"end":{"line":63,"column":46}},"30":{"start":{"line":70,"column":31},"end":{"line":83,"column":1}},"31":{"start":{"line":71,"column":2},"end":{"line":82,"column":3}},"32":{"start":{"line":73,"column":21},"end":{"line":77,"column":6}},"33":{"start":{"line":78,"column":4},"end":{"line":78,"column":33}},"34":{"start":{"line":80,"column":4},"end":{"line":80,"column":73}},"35":{"start":{"line":81,"column":4},"end":{"line":81,"column":63}},"36":{"start":{"line":88,"column":27},"end":{"line":100,"column":1}},"37":{"start":{"line":89,"column":2},"end":{"line":99,"column":3}},"38":{"start":{"line":90,"column":21},"end":{"line":94,"column":6}},"39":{"start":{"line":95,"column":4},"end":{"line":95,"column":33}},"40":{"start":{"line":97,"column":4},"end":{"line":97,"column":70}},"41":{"start":{"line":98,"column":4},"end":{"line":98,"column":47}},"42":{"start":{"line":105,"column":27},"end":{"line":117,"column":1}},"43":{"start":{"line":106,"column":2},"end":{"line":116,"column":3}},"44":{"start":{"line":107,"column":21},"end":{"line":111,"column":6}},"45":{"start":{"line":112,"column":4},"end":{"line":112,"column":33}},"46":{"start":{"line":114,"column":4},"end":{"line":114,"column":70}},"47":{"start":{"line":115,"column":4},"end":{"line":115,"column":66}}},"fnMap":{"0":{"name":"(anonymous_0)","decl":{"start":{"line":8,"column":31},"end":{"line":8,"column":32}},"loc":{"start":{"line":8,"column":51},"end":{"line":17,"column":1}},"line":8},"1":{"name":"(anonymous_1)","decl":{"start":{"line":22,"column":35},"end":{"line":22,"column":36}},"loc":{"start":{"line":22,"column":81},"end":{"line":31,"column":1}},"line":22},"2":{"name":"(anonymous_2)","decl":{"start":{"line":36,"column":36},"end":{"line":36,"column":37}},"loc":{"start":{"line":36,"column":59},"end":{"line":47,"column":1}},"line":36},"3":{"name":"(anonymous_3)","decl":{"start":{"line":52,"column":36},"end":{"line":52,"column":37}},"loc":{"start":{"line":52,"column":83},"end":{"line":65,"column":1}},"line":52},"4":{"name":"(anonymous_4)","decl":{"start":{"line":70,"column":31},"end":{"line":70,"column":32}},"loc":{"start":{"line":70,"column":54},"end":{"line":83,"column":1}},"line":70},"5":{"name":"(anonymous_5)","decl":{"start":{"line":88,"column":27},"end":{"line":88,"column":28}},"loc":{"start":{"line":88,"column":51},"end":{"line":100,"column":1}},"line":88},"6":{"name":"(anonymous_6)","decl":{"start":{"line":105,"column":27},"end":{"line":105,"column":28}},"loc":{"start":{"line":105,"column":43},"end":{"line":117,"column":1}},"line":105}},"branchMap":{},"s":{"0":0,"1":0,"2":0,"3":0,"4":0,"5":0,"6":0,"7":0,"8":0,"9":0,"10":0,"11":0,"12":0,"13":0,"14":0,"15":0,"16":0,"17":0,"18":0,"19":0,"20":0,"21":0,"22":0,"23":0,"24":0,"25":0,"26":0,"27":0,"28":0,"29":0,"30":0,"31":0,"32":0,"33":0,"34":0,"35":0,"36":0,"37":0,"38":0,"39":0,"40":0,"41":0,"42":0,"43":0,"44":0,"45":0,"46":0,"47":0},"f":{"0":0,"1":0,"2":0,"3":0,"4":0,"5":0,"6":0},"b":{},"inputSourceMap":null}
,"F:\\Business\\BusinessConnect\\services\\recommendationService.js": {"path":"F:\\Business\\BusinessConnect\\services\\recommendationService.js","statementMap":{"0":{"start":{"line":9,"column":37},"end":{"line":26,"column":1}},"1":{"start":{"line":10,"column":2},"end":{"line":10,"column":24}},"2":{"start":{"line":10,"column":12},"end":{"line":10,"column":24}},"3":{"start":{"line":12,"column":2},"end":{"line":25,"column":3}},"4":{"start":{"line":13,"column":20},"end":{"line":13,"column":55}},"5":{"start":{"line":14,"column":4},"end":{"line":20,"column":5}},"6":{"start":{"line":15,"column":6},"end":{"line":19,"column":8}},"7":{"start":{"line":21,"column":4},"end":{"line":21,"column":16}},"8":{"start":{"line":23,"column":4},"end":{"line":23,"column":65}},"9":{"start":{"line":24,"column":4},"end":{"line":24,"column":16}},"10":{"start":{"line":35,"column":35},"end":{"line":43,"column":1}},"11":{"start":{"line":36,"column":25},"end":{"line":36,"column":57}},"12":{"start":{"line":38,"column":2},"end":{"line":40,"column":3}},"13":{"start":{"line":39,"column":4},"end":{"line":39,"column":97}},"14":{"start":{"line":42,"column":2},"end":{"line":42,"column":87}},"15":{"start":{"line":55,"column":42},"end":{"line":92,"column":1}},"16":{"start":{"line":56,"column":2},"end":{"line":59,"column":3}},"17":{"start":{"line":57,"column":4},"end":{"line":57,"column":62}},"18":{"start":{"line":57,"column":17},"end":{"line":57,"column":62}},"19":{"start":{"line":58,"column":4},"end":{"line":58,"column":20}},"20":{"start":{"line":61,"column":2},"end":{"line":91,"column":3}},"21":{"start":{"line":62,"column":24},"end":{"line":62,"column":58}},"22":{"start":{"line":64,"column":24},"end":{"line":84,"column":5}},"23":{"start":{"line":67,"column":8},"end":{"line":78,"column":9}},"24":{"start":{"line":68,"column":29},"end":{"line":71,"column":13}},"25":{"start":{"line":68,"column":57},"end":{"line":71,"column":11}},"26":{"start":{"line":73,"column":25},"end":{"line":73,"column":73}},"27":{"start":{"line":74,"column":10},"end":{"line":74,"column":28}},"28":{"start":{"line":76,"column":10},"end":{"line":76,"column":68}},"29":{"start":{"line":77,"column":10},"end":{"line":77,"column":38}},"30":{"start":{"line":77,"column":23},"end":{"line":77,"column":38}},"31":{"start":{"line":81,"column":8},"end":{"line":81,"column":64}},"32":{"start":{"line":82,"column":8},"end":{"line":82,"column":36}},"33":{"start":{"line":82,"column":21},"end":{"line":82,"column":36}},"34":{"start":{"line":86,"column":4},"end":{"line":86,"column":23}},"35":{"start":{"line":88,"column":4},"end":{"line":88,"column":66}},"36":{"start":{"line":89,"column":4},"end":{"line":89,"column":32}},"37":{"start":{"line":89,"column":17},"end":{"line":89,"column":32}},"38":{"start":{"line":90,"column":4},"end":{"line":90,"column":20}},"39":{"start":{"line":100,"column":27},"end":{"line":120,"column":1}},"40":{"start":{"line":101,"column":2},"end":{"line":119,"column":3}},"41":{"start":{"line":104,"column":4},"end":{"line":108,"column":5}},"42":{"start":{"line":105,"column":6},"end":{"line":105,"column":144}},"43":{"start":{"line":107,"column":6},"end":{"line":107,"column":44}},"44":{"start":{"line":110,"column":21},"end":{"line":110,"column":138}},"45":{"start":{"line":112,"column":4},"end":{"line":115,"column":8}},"46":{"start":{"line":112,"column":39},"end":{"line":115,"column":5}},"47":{"start":{"line":117,"column":4},"end":{"line":117,"column":54}},"48":{"start":{"line":118,"column":4},"end":{"line":118,"column":16}},"49":{"start":{"line":127,"column":32},"end":{"line":135,"column":1}},"50":{"start":{"line":128,"column":2},"end":{"line":134,"column":3}},"51":{"start":{"line":129,"column":20},"end":{"line":129,"column":55}},"52":{"start":{"line":130,"column":4},"end":{"line":130,"column":28}},"53":{"start":{"line":132,"column":4},"end":{"line":132,"column":50}},"54":{"start":{"line":133,"column":4},"end":{"line":133,"column":17}}},"fnMap":{"0":{"name":"(anonymous_0)","decl":{"start":{"line":9,"column":37},"end":{"line":9,"column":38}},"loc":{"start":{"line":9,"column":52},"end":{"line":26,"column":1}},"line":9},"1":{"name":"(anonymous_1)","decl":{"start":{"line":35,"column":35},"end":{"line":35,"column":36}},"loc":{"start":{"line":35,"column":45},"end":{"line":43,"column":1}},"line":35},"2":{"name":"(anonymous_2)","decl":{"start":{"line":55,"column":42},"end":{"line":55,"column":43}},"loc":{"start":{"line":55,"column":97},"end":{"line":92,"column":1}},"line":55},"3":{"name":"(anonymous_3)","decl":{"start":{"line":58,"column":11},"end":{"line":58,"column":12}},"loc":{"start":{"line":58,"column":17},"end":{"line":58,"column":19}},"line":58},"4":{"name":"(anonymous_4)","decl":{"start":{"line":66,"column":6},"end":{"line":66,"column":7}},"loc":{"start":{"line":66,"column":20},"end":{"line":79,"column":7}},"line":66},"5":{"name":"(anonymous_5)","decl":{"start":{"line":68,"column":47},"end":{"line":68,"column":48}},"loc":{"start":{"line":68,"column":57},"end":{"line":71,"column":11}},"line":68},"6":{"name":"(anonymous_6)","decl":{"start":{"line":80,"column":6},"end":{"line":80,"column":7}},"loc":{"start":{"line":80,"column":17},"end":{"line":83,"column":7}},"line":80},"7":{"name":"(anonymous_7)","decl":{"start":{"line":90,"column":11},"end":{"line":90,"column":12}},"loc":{"start":{"line":90,"column":17},"end":{"line":90,"column":19}},"line":90},"8":{"name":"(anonymous_8)","decl":{"start":{"line":100,"column":27},"end":{"line":100,"column":28}},"loc":{"start":{"line":100,"column":56},"end":{"line":120,"column":1}},"line":100},"9":{"name":"(anonymous_9)","decl":{"start":{"line":112,"column":29},"end":{"line":112,"column":30}},"loc":{"start":{"line":112,"column":39},"end":{"line":115,"column":5}},"line":112},"10":{"name":"(anonymous_10)","decl":{"start":{"line":127,"column":32},"end":{"line":127,"column":33}},"loc":{"start":{"line":127,"column":47},"end":{"line":135,"column":1}},"line":127}},"branchMap":{"0":{"loc":{"start":{"line":10,"column":2},"end":{"line":10,"column":24}},"type":"if","locations":[{"start":{"line":10,"column":2},"end":{"line":10,"column":24}},{"start":{},"end":{}}],"line":10},"1":{"loc":{"start":{"line":14,"column":4},"end":{"line":20,"column":5}},"type":"if","locations":[{"start":{"line":14,"column":4},"end":{"line":20,"column":5}},{"start":{},"end":{}}],"line":14},"2":{"loc":{"start":{"line":17,"column":15},"end":{"line":17,"column":44}},"type":"binary-expr","locations":[{"start":{"line":17,"column":15},"end":{"line":17,"column":38}},{"start":{"line":17,"column":42},"end":{"line":17,"column":44}}],"line":17},"3":{"loc":{"start":{"line":36,"column":32},"end":{"line":36,"column":42}},"type":"binary-expr","locations":[{"start":{"line":36,"column":32},"end":{"line":36,"column":36}},{"start":{"line":36,"column":40},"end":{"line":36,"column":42}}],"line":36},"4":{"loc":{"start":{"line":38,"column":2},"end":{"line":40,"column":3}},"type":"if","locations":[{"start":{"line":38,"column":2},"end":{"line":40,"column":3}},{"start":{},"end":{}}],"line":38},"5":{"loc":{"start":{"line":56,"column":2},"end":{"line":59,"column":3}},"type":"if","locations":[{"start":{"line":56,"column":2},"end":{"line":59,"column":3}},{"start":{},"end":{}}],"line":56},"6":{"loc":{"start":{"line":56,"column":6},"end":{"line":56,"column":23}},"type":"binary-expr","locations":[{"start":{"line":56,"column":6},"end":{"line":56,"column":10}},{"start":{"line":56,"column":14},"end":{"line":56,"column":23}}],"line":56},"7":{"loc":{"start":{"line":57,"column":4},"end":{"line":57,"column":62}},"type":"if","locations":[{"start":{"line":57,"column":4},"end":{"line":57,"column":62}},{"start":{},"end":{}}],"line":57},"8":{"loc":{"start":{"line":77,"column":10},"end":{"line":77,"column":38}},"type":"if","locations":[{"start":{"line":77,"column":10},"end":{"line":77,"column":38}},{"start":{},"end":{}}],"line":77},"9":{"loc":{"start":{"line":82,"column":8},"end":{"line":82,"column":36}},"type":"if","locations":[{"start":{"line":82,"column":8},"end":{"line":82,"column":36}},{"start":{},"end":{}}],"line":82},"10":{"loc":{"start":{"line":89,"column":4},"end":{"line":89,"column":32}},"type":"if","locations":[{"start":{"line":89,"column":4},"end":{"line":89,"column":32}},{"start":{},"end":{}}],"line":89},"11":{"loc":{"start":{"line":100,"column":34},"end":{"line":100,"column":51}},"type":"default-arg","locations":[{"start":{"line":100,"column":47},"end":{"line":100,"column":51}}],"line":100},"12":{"loc":{"start":{"line":104,"column":4},"end":{"line":108,"column":5}},"type":"if","locations":[{"start":{"line":104,"column":4},"end":{"line":108,"column":5}},{"start":{"line":106,"column":11},"end":{"line":108,"column":5}}],"line":104},"13":{"loc":{"start":{"line":110,"column":28},"end":{"line":110,"column":137}},"type":"cond-expr","locations":[{"start":{"line":110,"column":83},"end":{"line":110,"column":114}},{"start":{"line":110,"column":117},"end":{"line":110,"column":137}}],"line":110},"14":{"loc":{"start":{"line":110,"column":28},"end":{"line":110,"column":80}},"type":"binary-expr","locations":[{"start":{"line":110,"column":28},"end":{"line":110,"column":59}},{"start":{"line":110,"column":63},"end":{"line":110,"column":80}}],"line":110}},"s":{"0":0,"1":0,"2":0,"3":0,"4":0,"5":0,"6":0,"7":0,"8":0,"9":0,"10":0,"11":0,"12":0,"13":0,"14":0,"15":0,"16":0,"17":0,"18":0,"19":0,"20":0,"21":0,"22":0,"23":0,"24":0,"25":0,"26":0,"27":0,"28":0,"29":0,"30":0,"31":0,"32":0,"33":0,"34":0,"35":0,"36":0,"37":0,"38":0,"39":0,"40":0,"41":0,"42":0,"43":0,"44":0,"45":0,"46":0,"47":0,"48":0,"49":0,"50":0,"51":0,"52":0,"53":0,"54":0},"f":{"0":0,"1":0,"2":0,"3":0,"4":0,"5":0,"6":0,"7":0,"8":0,"9":0,"10":0},"b":{"0":[0,0],"1":[0,0],"2":[0,0],"3":[0,0],"4":[0,0],"5":[0,0],"6":[0,0],"7":[0,0],"8":[0,0],"9":[0,0],"10":[0,0],"11":[0],"12":[0,0],"13":[0,0],"14":[0,0]},"inputSourceMap":null}
,"F:\\Business\\BusinessConnect\\utils\\matchAlgorithm.js": {"path":"F:\\Business\\BusinessConnect\\utils\\matchAlgorithm.js","statementMap":{"0":{"start":{"line":3,"column":25},"end":{"line":6,"column":2}},"1":{"start":{"line":3,"column":50},"end":{"line":6,"column":1}},"2":{"start":{"line":8,"column":22},"end":{"line":8,"column":64}},"3":{"start":{"line":8,"column":32},"end":{"line":8,"column":64}},"4":{"start":{"line":10,"column":28},"end":{"line":16,"column":1}},"5":{"start":{"line":11,"column":2},"end":{"line":13,"column":3}},"6":{"start":{"line":12,"column":4},"end":{"line":12,"column":29}},"7":{"start":{"line":15,"column":2},"end":{"line":15,"column":64}},"8":{"start":{"line":18,"column":27},"end":{"line":18,"column":116}},"9":{"start":{"line":18,"column":40},"end":{"line":18,"column":116}},"10":{"start":{"line":20,"column":23},"end":{"line":20,"column":123}},"11":{"start":{"line":20,"column":36},"end":{"line":20,"column":123}},"12":{"start":{"line":22,"column":35},"end":{"line":47,"column":1}},"13":{"start":{"line":23,"column":14},"end":{"line":23,"column":15}},"14":{"start":{"line":24,"column":18},"end":{"line":24,"column":20}},"15":{"start":{"line":26,"column":2},"end":{"line":29,"column":3}},"16":{"start":{"line":27,"column":4},"end":{"line":27,"column":16}},"17":{"start":{"line":28,"column":4},"end":{"line":28,"column":46}},"18":{"start":{"line":31,"column":2},"end":{"line":34,"column":3}},"19":{"start":{"line":32,"column":4},"end":{"line":32,"column":16}},"20":{"start":{"line":33,"column":4},"end":{"line":33,"column":54}},"21":{"start":{"line":36,"column":2},"end":{"line":39,"column":3}},"22":{"start":{"line":37,"column":4},"end":{"line":37,"column":16}},"23":{"start":{"line":38,"column":4},"end":{"line":38,"column":49}},"24":{"start":{"line":41,"column":2},"end":{"line":44,"column":3}},"25":{"start":{"line":42,"column":4},"end":{"line":42,"column":16}},"26":{"start":{"line":43,"column":4},"end":{"line":43,"column":46}},"27":{"start":{"line":46,"column":2},"end":{"line":46,"column":66}},"28":{"start":{"line":49,"column":23},"end":{"line":110,"column":1}},"29":{"start":{"line":50,"column":15},"end":{"line":50,"column":48}},"30":{"start":{"line":51,"column":26},"end":{"line":51,"column":59}},"31":{"start":{"line":52,"column":28},"end":{"line":52,"column":56}},"32":{"start":{"line":53,"column":32},"end":{"line":53,"column":64}},"33":{"start":{"line":55,"column":2},"end":{"line":109,"column":39}},"34":{"start":{"line":57,"column":18},"end":{"line":57,"column":19}},"35":{"start":{"line":58,"column":22},"end":{"line":58,"column":24}},"36":{"start":{"line":59,"column":30},"end":{"line":59,"column":59}},"37":{"start":{"line":60,"column":36},"end":{"line":60,"column":64}},"38":{"start":{"line":61,"column":32},"end":{"line":61,"column":56}},"39":{"start":{"line":63,"column":6},"end":{"line":66,"column":7}},"40":{"start":{"line":63,"column":75},"end":{"line":63,"column":109}},"41":{"start":{"line":64,"column":8},"end":{"line":64,"column":20}},"42":{"start":{"line":65,"column":8},"end":{"line":65,"column":104}},"43":{"start":{"line":68,"column":6},"end":{"line":86,"column":7}},"44":{"start":{"line":69,"column":8},"end":{"line":72,"column":9}},"45":{"start":{"line":70,"column":10},"end":{"line":70,"column":22}},"46":{"start":{"line":71,"column":10},"end":{"line":71,"column":49}},"47":{"start":{"line":74,"column":8},"end":{"line":77,"column":9}},"48":{"start":{"line":75,"column":10},"end":{"line":75,"column":22}},"49":{"start":{"line":76,"column":10},"end":{"line":76,"column":49}},"50":{"start":{"line":79,"column":8},"end":{"line":82,"column":9}},"51":{"start":{"line":80,"column":10},"end":{"line":80,"column":22}},"52":{"start":{"line":81,"column":10},"end":{"line":81,"column":52}},"53":{"start":{"line":83,"column":13},"end":{"line":86,"column":7}},"54":{"start":{"line":84,"column":8},"end":{"line":84,"column":20}},"55":{"start":{"line":85,"column":8},"end":{"line":85,"column":54}},"56":{"start":{"line":88,"column":6},"end":{"line":91,"column":7}},"57":{"start":{"line":89,"column":8},"end":{"line":89,"column":20}},"58":{"start":{"line":90,"column":8},"end":{"line":90,"column":47}},"59":{"start":{"line":93,"column":6},"end":{"line":96,"column":7}},"60":{"start":{"line":94,"column":8},"end":{"line":94,"column":20}},"61":{"start":{"line":95,"column":8},"end":{"line":95,"column":102}},"62":{"start":{"line":98,"column":6},"end":{"line":100,"column":7}},"63":{"start":{"line":99,"column":8},"end":{"line":99,"column":37}},"64":{"start":{"line":102,"column":6},"end":{"line":107,"column":8}},"65":{"start":{"line":109,"column":20},"end":{"line":109,"column":37}},"66":{"start":{"line":112,"column":38},"end":{"line":132,"column":1}},"67":{"start":{"line":113,"column":14},"end":{"line":113,"column":15}},"68":{"start":{"line":115,"column":2},"end":{"line":117,"column":3}},"69":{"start":{"line":116,"column":4},"end":{"line":116,"column":16}},"70":{"start":{"line":119,"column":2},"end":{"line":121,"column":3}},"71":{"start":{"line":120,"column":4},"end":{"line":120,"column":16}},"72":{"start":{"line":123,"column":2},"end":{"line":125,"column":3}},"73":{"start":{"line":124,"column":4},"end":{"line":124,"column":16}},"74":{"start":{"line":127,"column":2},"end":{"line":129,"column":3}},"75":{"start":{"line":128,"column":4},"end":{"line":128,"column":16}},"76":{"start":{"line":131,"column":2},"end":{"line":131,"column":15}}},"fnMap":{"0":{"name":"(anonymous_0)","decl":{"start":{"line":3,"column":25},"end":{"line":3,"column":26}},"loc":{"start":{"line":3,"column":50},"end":{"line":6,"column":1}},"line":3},"1":{"name":"(anonymous_1)","decl":{"start":{"line":8,"column":22},"end":{"line":8,"column":23}},"loc":{"start":{"line":8,"column":32},"end":{"line":8,"column":64}},"line":8},"2":{"name":"(anonymous_2)","decl":{"start":{"line":10,"column":28},"end":{"line":10,"column":29}},"loc":{"start":{"line":10,"column":41},"end":{"line":16,"column":1}},"line":10},"3":{"name":"(anonymous_3)","decl":{"start":{"line":18,"column":27},"end":{"line":18,"column":28}},"loc":{"start":{"line":18,"column":40},"end":{"line":18,"column":116}},"line":18},"4":{"name":"(anonymous_4)","decl":{"start":{"line":20,"column":23},"end":{"line":20,"column":24}},"loc":{"start":{"line":20,"column":36},"end":{"line":20,"column":123}},"line":20},"5":{"name":"(anonymous_5)","decl":{"start":{"line":22,"column":35},"end":{"line":22,"column":36}},"loc":{"start":{"line":22,"column":61},"end":{"line":47,"column":1}},"line":22},"6":{"name":"(anonymous_6)","decl":{"start":{"line":49,"column":23},"end":{"line":49,"column":24}},"loc":{"start":{"line":49,"column":56},"end":{"line":110,"column":1}},"line":49},"7":{"name":"(anonymous_7)","decl":{"start":{"line":56,"column":9},"end":{"line":56,"column":10}},"loc":{"start":{"line":56,"column":23},"end":{"line":108,"column":5}},"line":56},"8":{"name":"(anonymous_8)","decl":{"start":{"line":63,"column":61},"end":{"line":63,"column":62}},"loc":{"start":{"line":63,"column":75},"end":{"line":63,"column":109}},"line":63},"9":{"name":"(anonymous_9)","decl":{"start":{"line":109,"column":10},"end":{"line":109,"column":11}},"loc":{"start":{"line":109,"column":20},"end":{"line":109,"column":37}},"line":109},"10":{"name":"(anonymous_10)","decl":{"start":{"line":112,"column":38},"end":{"line":112,"column":39}},"loc":{"start":{"line":112,"column":62},"end":{"line":132,"column":1}},"line":112}},"branchMap":{"0":{"loc":{"start":{"line":8,"column":39},"end":{"line":8,"column":49}},"type":"binary-expr","locations":[{"start":{"line":8,"column":39},"end":{"line":8,"column":43}},{"start":{"line":8,"column":47},"end":{"line":8,"column":49}}],"line":8},"1":{"loc":{"start":{"line":11,"column":2},"end":{"line":13,"column":3}},"type":"if","locations":[{"start":{"line":11,"column":2},"end":{"line":13,"column":3}},{"start":{},"end":{}}],"line":11},"2":{"loc":{"start":{"line":11,"column":6},"end":{"line":11,"column":71}},"type":"binary-expr","locations":[{"start":{"line":11,"column":6},"end":{"line":11,"column":39}},{"start":{"line":11,"column":43},"end":{"line":11,"column":71}}],"line":11},"3":{"loc":{"start":{"line":18,"column":47},"end":{"line":18,"column":115}},"type":"binary-expr","locations":[{"start":{"line":18,"column":47},"end":{"line":18,"column":69}},{"start":{"line":18,"column":73},"end":{"line":18,"column":88}},{"start":{"line":18,"column":92},"end":{"line":18,"column":115}}],"line":18},"4":{"loc":{"start":{"line":20,"column":43},"end":{"line":20,"column":122}},"type":"binary-expr","locations":[{"start":{"line":20,"column":43},"end":{"line":20,"column":63}},{"start":{"line":20,"column":67},"end":{"line":20,"column":89}},{"start":{"line":20,"column":93},"end":{"line":20,"column":117}},{"start":{"line":20,"column":121},"end":{"line":20,"column":122}}],"line":20},"5":{"loc":{"start":{"line":26,"column":2},"end":{"line":29,"column":3}},"type":"if","locations":[{"start":{"line":26,"column":2},"end":{"line":29,"column":3}},{"start":{},"end":{}}],"line":26},"6":{"loc":{"start":{"line":31,"column":2},"end":{"line":34,"column":3}},"type":"if","locations":[{"start":{"line":31,"column":2},"end":{"line":34,"column":3}},{"start":{},"end":{}}],"line":31},"7":{"loc":{"start":{"line":31,"column":28},"end":{"line":31,"column":82}},"type":"binary-expr","locations":[{"start":{"line":31,"column":28},"end":{"line":31,"column":55}},{"start":{"line":31,"column":59},"end":{"line":31,"column":82}}],"line":31},"8":{"loc":{"start":{"line":36,"column":2},"end":{"line":39,"column":3}},"type":"if","locations":[{"start":{"line":36,"column":2},"end":{"line":39,"column":3}},{"start":{},"end":{}}],"line":36},"9":{"loc":{"start":{"line":41,"column":2},"end":{"line":44,"column":3}},"type":"if","locations":[{"start":{"line":41,"column":2},"end":{"line":44,"column":3}},{"start":{},"end":{}}],"line":41},"10":{"loc":{"start":{"line":46,"column":33},"end":{"line":46,"column":64}},"type":"binary-expr","locations":[{"start":{"line":46,"column":33},"end":{"line":46,"column":43}},{"start":{"line":46,"column":47},"end":{"line":46,"column":64}}],"line":46},"11":{"loc":{"start":{"line":63,"column":6},"end":{"line":66,"column":7}},"type":"if","locations":[{"start":{"line":63,"column":6},"end":{"line":66,"column":7}},{"start":{},"end":{}}],"line":63},"12":{"loc":{"start":{"line":63,"column":10},"end":{"line":63,"column":110}},"type":"binary-expr","locations":[{"start":{"line":63,"column":10},"end":{"line":63,"column":36}},{"start":{"line":63,"column":40},"end":{"line":63,"column":110}}],"line":63},"13":{"loc":{"start":{"line":65,"column":21},"end":{"line":65,"column":102}},"type":"cond-expr","locations":[{"start":{"line":65,"column":43},"end":{"line":65,"column":71}},{"start":{"line":65,"column":74},"end":{"line":65,"column":102}}],"line":65},"14":{"loc":{"start":{"line":68,"column":6},"end":{"line":86,"column":7}},"type":"if","locations":[{"start":{"line":68,"column":6},"end":{"line":86,"column":7}},{"start":{"line":83,"column":13},"end":{"line":86,"column":7}}],"line":68},"15":{"loc":{"start":{"line":69,"column":8},"end":{"line":72,"column":9}},"type":"if","locations":[{"start":{"line":69,"column":8},"end":{"line":72,"column":9}},{"start":{},"end":{}}],"line":69},"16":{"loc":{"start":{"line":69,"column":12},"end":{"line":69,"column":100}},"type":"binary-expr","locations":[{"start":{"line":69,"column":12},"end":{"line":69,"column":33}},{"start":{"line":69,"column":37},"end":{"line":69,"column":54}},{"start":{"line":69,"column":58},"end":{"line":69,"column":100}}],"line":69},"17":{"loc":{"start":{"line":74,"column":8},"end":{"line":77,"column":9}},"type":"if","locations":[{"start":{"line":74,"column":8},"end":{"line":77,"column":9}},{"start":{},"end":{}}],"line":74},"18":{"loc":{"start":{"line":74,"column":12},"end":{"line":74,"column":101}},"type":"binary-expr","locations":[{"start":{"line":74,"column":12},"end":{"line":74,"column":29}},{"start":{"line":74,"column":33},"end":{"line":74,"column":54}},{"start":{"line":74,"column":58},"end":{"line":74,"column":101}}],"line":74},"19":{"loc":{"start":{"line":79,"column":8},"end":{"line":82,"column":9}},"type":"if","locations":[{"start":{"line":79,"column":8},"end":{"line":82,"column":9}},{"start":{},"end":{}}],"line":79},"20":{"loc":{"start":{"line":79,"column":12},"end":{"line":79,"column":54}},"type":"binary-expr","locations":[{"start":{"line":79,"column":12},"end":{"line":79,"column":31}},{"start":{"line":79,"column":35},"end":{"line":79,"column":54}}],"line":79},"21":{"loc":{"start":{"line":83,"column":13},"end":{"line":86,"column":7}},"type":"if","locations":[{"start":{"line":83,"column":13},"end":{"line":86,"column":7}},{"start":{},"end":{}}],"line":83},"22":{"loc":{"start":{"line":83,"column":17},"end":{"line":83,"column":84}},"type":"binary-expr","locations":[{"start":{"line":83,"column":17},"end":{"line":83,"column":59}},{"start":{"line":83,"column":63},"end":{"line":83,"column":84}}],"line":83},"23":{"loc":{"start":{"line":88,"column":6},"end":{"line":91,"column":7}},"type":"if","locations":[{"start":{"line":88,"column":6},"end":{"line":91,"column":7}},{"start":{},"end":{}}],"line":88},"24":{"loc":{"start":{"line":88,"column":10},"end":{"line":88,"column":99}},"type":"binary-expr","locations":[{"start":{"line":88,"column":10},"end":{"line":88,"column":27}},{"start":{"line":88,"column":31},"end":{"line":88,"column":52}},{"start":{"line":88,"column":56},"end":{"line":88,"column":99}}],"line":88},"25":{"loc":{"start":{"line":93,"column":6},"end":{"line":96,"column":7}},"type":"if","locations":[{"start":{"line":93,"column":6},"end":{"line":96,"column":7}},{"start":{},"end":{}}],"line":93},"26":{"loc":{"start":{"line":93,"column":10},"end":{"line":93,"column":52}},"type":"binary-expr","locations":[{"start":{"line":93,"column":10},"end":{"line":93,"column":29}},{"start":{"line":93,"column":33},"end":{"line":93,"column":52}}],"line":93},"27":{"loc":{"start":{"line":95,"column":21},"end":{"line":95,"column":100}},"type":"cond-expr","locations":[{"start":{"line":95,"column":43},"end":{"line":95,"column":70}},{"start":{"line":95,"column":73},"end":{"line":95,"column":100}}],"line":95},"28":{"loc":{"start":{"line":98,"column":6},"end":{"line":100,"column":7}},"type":"if","locations":[{"start":{"line":98,"column":6},"end":{"line":100,"column":7}},{"start":{},"end":{}}],"line":98},"29":{"loc":{"start":{"line":106,"column":21},"end":{"line":106,"column":52}},"type":"binary-expr","locations":[{"start":{"line":106,"column":21},"end":{"line":106,"column":31}},{"start":{"line":106,"column":35},"end":{"line":106,"column":52}}],"line":106},"30":{"loc":{"start":{"line":115,"column":2},"end":{"line":117,"column":3}},"type":"if","locations":[{"start":{"line":115,"column":2},"end":{"line":117,"column":3}},{"start":{},"end":{}}],"line":115},"31":{"loc":{"start":{"line":119,"column":2},"end":{"line":121,"column":3}},"type":"if","locations":[{"start":{"line":119,"column":2},"end":{"line":121,"column":3}},{"start":{},"end":{}}],"line":119},"32":{"loc":{"start":{"line":123,"column":2},"end":{"line":125,"column":3}},"type":"if","locations":[{"start":{"line":123,"column":2},"end":{"line":125,"column":3}},{"start":{},"end":{}}],"line":123},"33":{"loc":{"start":{"line":127,"column":2},"end":{"line":129,"column":3}},"type":"if","locations":[{"start":{"line":127,"column":2},"end":{"line":129,"column":3}},{"start":{},"end":{}}],"line":127}},"s":{"0":0,"1":0,"2":0,"3":0,"4":0,"5":0,"6":0,"7":0,"8":0,"9":0,"10":0,"11":0,"12":0,"13":0,"14":0,"15":0,"16":0,"17":0,"18":0,"19":0,"20":0,"21":0,"22":0,"23":0,"24":0,"25":0,"26":0,"27":0,"28":0,"29":0,"30":0,"31":0,"32":0,"33":0,"34":0,"35":0,"36":0,"37":0,"38":0,"39":0,"40":0,"41":0,"42":0,"43":0,"44":0,"45":0,"46":0,"47":0,"48":0,"49":0,"50":0,"51":0,"52":0,"53":0,"54":0,"55":0,"56":0,"57":0,"58":0,"59":0,"60":0,"61":0,"62":0,"63":0,"64":0,"65":0,"66":0,"67":0,"68":0,"69":0,"70":0,"71":0,"72":0,"73":0,"74":0,"75":0,"76":0},"f":{"0":0,"1":0,"2":0,"3":0,"4":0,"5":0,"6":0,"7":0,"8":0,"9":0,"10":0},"b":{"0":[0,0],"1":[0,0],"2":[0,0],"3":[0,0,0],"4":[0,0,0,0],"5":[0,0],"6":[0,0],"7":[0,0],"8":[0,0],"9":[0,0],"10":[0,0],"11":[0,0],"12":[0,0],"13":[0,0],"14":[0,0],"15":[0,0],"16":[0,0,0],"17":[0,0],"18":[0,0,0],"19":[0,0],"20":[0,0],"21":[0,0],"22":[0,0],"23":[0,0],"24":[0,0,0],"25":[0,0],"26":[0,0],"27":[0,0],"28":[0,0],"29":[0,0],"30":[0,0],"31":[0,0],"32":[0,0],"33":[0,0]},"inputSourceMap":null}
,"F:\\Business\\BusinessConnect\\utils\\pdfGenerator.js": {"path":"F:\\Business\\BusinessConnect\\utils\\pdfGenerator.js","statementMap":{"0":{"start":{"line":5,"column":41},"end":{"line":50,"column":1}},"1":{"start":{"line":6,"column":22},"end":{"line":42,"column":3}},"2":{"start":{"line":44,"column":2},"end":{"line":49,"column":3}},"3":{"start":{"line":45,"column":20},"end":{"line":45,"column":71}},"4":{"start":{"line":46,"column":4},"end":{"line":46,"column":80}},"5":{"start":{"line":48,"column":4},"end":{"line":48,"column":39}}},"fnMap":{"0":{"name":"(anonymous_0)","decl":{"start":{"line":5,"column":41},"end":{"line":5,"column":42}},"loc":{"start":{"line":5,"column":64},"end":{"line":50,"column":1}},"line":5}},"branchMap":{},"s":{"0":0,"1":0,"2":0,"3":0,"4":0,"5":0},"f":{"0":0},"b":{},"inputSourceMap":null}
,"F:\\Business\\BusinessConnect\\utils\\trendingLogic.js": {"path":"F:\\Business\\BusinessConnect\\utils\\trendingLogic.js","statementMap":{"0":{"start":{"line":7,"column":38},"end":{"line":18,"column":1}},"1":{"start":{"line":8,"column":21},"end":{"line":8,"column":22}},"2":{"start":{"line":9,"column":25},"end":{"line":9,"column":27}},"3":{"start":{"line":10,"column":21},"end":{"line":10,"column":23}},"4":{"start":{"line":13,"column":4},"end":{"line":15,"column":39}},"5":{"start":{"line":17,"column":2},"end":{"line":17,"column":15}}},"fnMap":{"0":{"name":"(anonymous_0)","decl":{"start":{"line":7,"column":38},"end":{"line":7,"column":39}},"loc":{"start":{"line":7,"column":49},"end":{"line":18,"column":1}},"line":7}},"branchMap":{"0":{"loc":{"start":{"line":13,"column":5},"end":{"line":13,"column":21}},"type":"binary-expr","locations":[{"start":{"line":13,"column":5},"end":{"line":13,"column":16}},{"start":{"line":13,"column":20},"end":{"line":13,"column":21}}],"line":13},"1":{"loc":{"start":{"line":14,"column":5},"end":{"line":14,"column":26}},"type":"binary-expr","locations":[{"start":{"line":14,"column":5},"end":{"line":14,"column":21}},{"start":{"line":14,"column":25},"end":{"line":14,"column":26}}],"line":14},"2":{"loc":{"start":{"line":15,"column":5},"end":{"line":15,"column":25}},"type":"binary-expr","locations":[{"start":{"line":15,"column":5},"end":{"line":15,"column":20}},{"start":{"line":15,"column":24},"end":{"line":15,"column":25}}],"line":15}},"s":{"0":0,"1":0,"2":0,"3":0,"4":0,"5":0},"f":{"0":0},"b":{"0":[0,0],"1":[0,0],"2":[0,0]},"inputSourceMap":null}
}
